0 info it worked if it ends with ok
1 verbose cli [ 'C:\\Program Files\\nodejs\\node.exe',
1 verbose cli   'C:\\Program Files\\nodejs\\node_modules\\npm\\bin\\npm-cli.js',
1 verbose cli   'start' ]
2 info using npm@3.7.3
3 info using node@v5.9.1
4 verbose run-script [ 'prestart', 'start', 'poststart' ]
5 info lifecycle angular-phonecat@0.0.0~prestart: angular-phonecat@0.0.0
6 verbose lifecycle angular-phonecat@0.0.0~prestart: unsafe-perm in lifecycle true
7 verbose lifecycle angular-phonecat@0.0.0~prestart: PATH: C:\Program Files\nodejs\node_modules\npm\bin\node-gyp-bin;C:\Entwicklung\angular\angular-phonecat\node_modules\.bin;C:\Program Files\nodejs;C:\ProgramData\Oracle\Java\javapath;C:\Python33\;C:\Program Files\Common Files\Microsoft Shared\Windows Live;C:\Program Files (x86)\Common Files\Microsoft Shared\Windows Live;C:\Program Files (x86)\Embarcadero\RAD Studio\7.0\bin;C:\Users\Public\Documents\RAD Studio\7.0\Bpl;C:\Windows\system32;C:\Windows;C:\Windows\System32\Wbem;C:\Windows\System32\WindowsPowerShell\v1.0\;c:\Program Files\WIDCOMM\Bluetooth Software\;c:\Program Files\WIDCOMM\Bluetooth Software\syswow64;c:\Program Files (x86)\ATI Technologies\ATI.ACE\Core-Static;c:\Program Files (x86)\Common Files\Roxio Shared\10.0\DLLShared\;c:\Program Files (x86)\Common Files\Roxio Shared\DLLShared\;C:\PROGRA~2\Borland\Delphi6\Bin;C:\PROGRA~2\Borland\Delphi6\Projects\Bpl;C:\entwicklung\lib\TMS Component Pack\bpl\;C:\PROGRA~2\ULTRAE~1;C:\Entwicklung\lib\TMS Component Pack\TMS Component Pack\bpl\;C:\Program Files (x86)\Windows Live\Shared;C:\Program Files\TortoiseSVN\bin;C:\Program Files (x86)\Skype\Phone\;C:\Program Files (x86)\QuickTime\QTSystem\;C:\Program Files\Git\cmd;C:\Program Files\Git\mingw64\bin;C:\Program Files\Git\usr\bin;C:\Program Files\nodejs\;;C:\Windows\Microsoft.NET\Framework\v2.0.50727;C:\Windows\Microsoft.NET\Framework\v2.0.50727;;C:\Users\Thomas Lepack\AppData\Roaming\npm
8 verbose lifecycle angular-phonecat@0.0.0~prestart: CWD: C:\Entwicklung\angular\angular-phonecat
9 silly lifecycle angular-phonecat@0.0.0~prestart: Args: [ '/d /s /c', 'npm install' ]
10 silly lifecycle angular-phonecat@0.0.0~prestart: Returned: code: 0  signal: null
11 info lifecycle angular-phonecat@0.0.0~start: angular-phonecat@0.0.0
12 verbose lifecycle angular-phonecat@0.0.0~start: unsafe-perm in lifecycle true
13 verbose lifecycle angular-phonecat@0.0.0~start: PATH: C:\Program Files\nodejs\node_modules\npm\bin\node-gyp-bin;C:\Entwicklung\angular\angular-phonecat\node_modules\.bin;C:\Program Files\nodejs;C:\ProgramData\Oracle\Java\javapath;C:\Python33\;C:\Program Files\Common Files\Microsoft Shared\Windows Live;C:\Program Files (x86)\Common Files\Microsoft Shared\Windows Live;C:\Program Files (x86)\Embarcadero\RAD Studio\7.0\bin;C:\Users\Public\Documents\RAD Studio\7.0\Bpl;C:\Windows\system32;C:\Windows;C:\Windows\System32\Wbem;C:\Windows\System32\WindowsPowerShell\v1.0\;c:\Program Files\WIDCOMM\Bluetooth Software\;c:\Program Files\WIDCOMM\Bluetooth Software\syswow64;c:\Program Files (x86)\ATI Technologies\ATI.ACE\Core-Static;c:\Program Files (x86)\Common Files\Roxio Shared\10.0\DLLShared\;c:\Program Files (x86)\Common Files\Roxio Shared\DLLShared\;C:\PROGRA~2\Borland\Delphi6\Bin;C:\PROGRA~2\Borland\Delphi6\Projects\Bpl;C:\entwicklung\lib\TMS Component Pack\bpl\;C:\PROGRA~2\ULTRAE~1;C:\Entwicklung\lib\TMS Component Pack\TMS Component Pack\bpl\;C:\Program Files (x86)\Windows Live\Shared;C:\Program Files\TortoiseSVN\bin;C:\Program Files (x86)\Skype\Phone\;C:\Program Files (x86)\QuickTime\QTSystem\;C:\Program Files\Git\cmd;C:\Program Files\Git\mingw64\bin;C:\Program Files\Git\usr\bin;C:\Program Files\nodejs\;;C:\Windows\Microsoft.NET\Framework\v2.0.50727;C:\Windows\Microsoft.NET\Framework\v2.0.50727;;C:\Users\Thomas Lepack\AppData\Roaming\npm
14 verbose lifecycle angular-phonecat@0.0.0~start: CWD: C:\Entwicklung\angular\angular-phonecat
15 silly lifecycle angular-phonecat@0.0.0~start: Args: [ '/d /s /c', 'http-server -a 0.0.0.0 -p 8000' ]
16 silly lifecycle angular-phonecat@0.0.0~start: Returned: code: 1  signal: null
17 info lifecycle angular-phonecat@0.0.0~start: Failed to exec start script
18 verbose stack Error: angular-phonecat@0.0.0 start: `http-server -a 0.0.0.0 -p 8000`
18 verbose stack Exit status 1
18 verbose stack     at EventEmitter.<anonymous> (C:\Program Files\nodejs\node_modules\npm\lib\utils\lifecycle.js:239:16)
18 verbose stack     at emitTwo (events.js:100:13)
18 verbose stack     at EventEmitter.emit (events.js:185:7)
18 verbose stack     at ChildProcess.<anonymous> (C:\Program Files\nodejs\node_modules\npm\lib\utils\spawn.js:24:14)
18 verbose stack     at emitTwo (events.js:100:13)
18 verbose stack     at ChildProcess.emit (events.js:185:7)
18 verbose stack     at maybeClose (internal/child_process.js:850:16)
18 verbose stack     at Process.ChildProcess._handle.onexit (internal/child_process.js:215:5)
19 verbose pkgid angular-phonecat@0.0.0
20 verbose cwd C:\Entwicklung\angular\angular-phonecat
21 error Windows_NT 6.1.7601
22 error argv "C:\\Program Files\\nodejs\\node.exe" "C:\\Program Files\\nodejs\\node_modules\\npm\\bin\\npm-cli.js" "start"
23 error node v5.9.1
24 error npm  v3.7.3
25 error code ELIFECYCLE
26 error angular-phonecat@0.0.0 start: `http-server -a 0.0.0.0 -p 8000`
26 error Exit status 1
27 error Failed at the angular-phonecat@0.0.0 start script 'http-server -a 0.0.0.0 -p 8000'.
27 error Make sure you have the latest version of node.js and npm installed.
27 error If you do, this is most likely a problem with the angular-phonecat package,
27 error not with npm itself.
27 error Tell the author that this fails on your system:
27 error     http-server -a 0.0.0.0 -p 8000
27 error You can get information on how to open an issue for this project with:
27 error     npm bugs angular-phonecat
27 error Or if that isn't available, you can get their info via:
27 error     npm owner ls angular-phonecat
27 error There is likely additional logging output above.
28 verbose exit [ 1, true ]
